[{"line":1,"elements":[{"start_timestamp":"2022-10-13T16:10:16.908Z","before":[{"result":{"duration":27684920400,"status":"passed"},"match":{"location":"teststepsdefinition.driverUtilities.browserSetup()"}}],"line":4,"name":"Users are able to search for an item using the search bar","description":"","id":"website-search--filter-and-cart-functionality;users-are-able-to-search-for-an-item-using-the-search-bar","after":[{"result":{"duration":16864511200,"status":"passed"},"match":{"location":"teststepsdefinition.driverUtilities.teardown()"}}],"type":"scenario","keyword":"Scenario","steps":[{"result":{"duration":25930500,"status":"passed"},"line":5,"name":"user is on homepage","match":{"location":"teststepsdefinition.steps.user_is_on_homepage()"},"keyword":"Given "},{"result":{"duration":73532000,"status":"passed"},"line":6,"name":"user put any search \"Blouse\" term in the search bar","match":{"arguments":[{"val":"\"Blouse\"","offset":20}],"location":"teststepsdefinition.steps.user_put_any_search_term_in_the_search_bar(java.lang.String)"},"keyword":"And "},{"result":{"duration":1498346300,"status":"passed"},"line":7,"name":"user click search button","match":{"location":"teststepsdefinition.steps.user_click_search_button()"},"keyword":"When "},{"result":{"duration":18980700,"status":"passed"},"line":8,"name":"user is able to see the searched item \"Blouse\"","match":{"arguments":[{"val":"\"Blouse\"","offset":38}],"location":"teststepsdefinition.steps.user_is_able_to_see_the_searched_item(java.lang.String)"},"keyword":"Then "}],"tags":[{"name":"@ts1"}]},{"start_timestamp":"2022-10-13T16:11:03.155Z","before":[{"result":{"duration":5242118700,"status":"passed"},"match":{"location":"teststepsdefinition.driverUtilities.browserSetup()"}}],"line":11,"name":"Users are able to filter search results under Women category by Color and Category","description":"","id":"website-search--filter-and-cart-functionality;users-are-able-to-filter-search-results-under-women-category-by-color-and-category","after":[{"result":{"error_message":"org.openqa.selenium.WebDriverException: disconnected: unable to connect to renderer\n  (failed to check if window was closed: disconnected: unable to connect to renderer)\n  (Session info: chrome=106.0.5249.119)\nBuild info: version: '4.1.1', revision: 'e8fcc2cecf'\nSystem info: host: 'DESKTOP-KARFDCI', ip: '192.168.125.98', os.name: 'Windows 10', os.arch: 'amd64', os.version: '10.0', java.version: '15.0.2'\nDriver info: org.openqa.selenium.chrome.ChromeDriver\nCommand: [5849c696bef46a56cc720ca4f9a76862, close {}]\nCapabilities {acceptInsecureCerts: false, browserName: chrome, browserVersion: 106.0.5249.119, chrome: {chromedriverVersion: 106.0.5249.61 (511755355844..., userDataDir: C:\\Users\\dell\\AppData\\Local...}, goog:chromeOptions: {debuggerAddress: localhost:62734}, javascriptEnabled: true, networkConnectionEnabled: false, pageLoadStrategy: normal, platform: WINDOWS, platformName: WINDOWS, proxy: Proxy(), se:cdp: ws://localhost:62734/devtoo..., se:cdpVersion: 106.0.5249.119, setWindowRect: true, strictFileInteractability: false, timeouts: {implicit: 0, pageLoad: 300000, script: 30000}, unhandledPromptBehavior: dismiss and notify, webauthn:extension:credBlob: true, webauthn:extension:largeBlob: true, webauthn:virtualAuthenticators: true}\nSession ID: 5849c696bef46a56cc720ca4f9a76862\r\n\tat java.base/jdk.internal.reflect.NativeConstructorAccessorImpl.newInstance0(Native Method)\r\n\tat java.base/jdk.internal.reflect.NativeConstructorAccessorImpl.newInstance(NativeConstructorAccessorImpl.java:64)\r\n\tat java.base/jdk.internal.reflect.DelegatingConstructorAccessorImpl.newInstance(DelegatingConstructorAccessorImpl.java:45)\r\n\tat java.base/java.lang.reflect.Constructor.newInstanceWithCaller(Constructor.java:500)\r\n\tat java.base/java.lang.reflect.Constructor.newInstance(Constructor.java:481)\r\n\tat org.openqa.selenium.remote.codec.w3c.W3CHttpResponseCodec.createException(W3CHttpResponseCodec.java:200)\r\n\tat org.openqa.selenium.remote.codec.w3c.W3CHttpResponseCodec.decode(W3CHttpResponseCodec.java:133)\r\n\tat org.openqa.selenium.remote.codec.w3c.W3CHttpResponseCodec.decode(W3CHttpResponseCodec.java:53)\r\n\tat org.openqa.selenium.remote.HttpCommandExecutor.execute(HttpCommandExecutor.java:184)\r\n\tat org.openqa.selenium.remote.service.DriverCommandExecutor.invokeExecute(DriverCommandExecutor.java:167)\r\n\tat org.openqa.selenium.remote.service.DriverCommandExecutor.execute(DriverCommandExecutor.java:142)\r\n\tat org.openqa.selenium.remote.RemoteWebDriver.execute(RemoteWebDriver.java:543)\r\n\tat org.openqa.selenium.remote.RemoteWebDriver.execute(RemoteWebDriver.java:598)\r\n\tat org.openqa.selenium.remote.RemoteWebDriver.execute(RemoteWebDriver.java:602)\r\n\tat org.openqa.selenium.remote.RemoteWebDriver.close(RemoteWebDriver.java:428)\r\n\tat teststepsdefinition.driverUtilities.teardown(driverUtilities.java:30)\r\n","duration":32293633100,"status":"failed"},"match":{"location":"teststepsdefinition.driverUtilities.teardown()"}}],"type":"scenario","keyword":"Scenario","steps":[{"result":{"duration":6983200,"status":"passed"},"line":12,"name":"user is on homepage","match":{"location":"teststepsdefinition.steps.user_is_on_homepage()"},"keyword":"Given "},{"result":{"error_message":"org.openqa.selenium.NoSuchWindowException: no such window: target window already closed\nfrom unknown error: web view not found\n  (Session info: chrome=106.0.5249.119)\nBuild info: version: '4.1.1', revision: 'e8fcc2cecf'\nSystem info: host: 'DESKTOP-KARFDCI', ip: '192.168.125.98', os.name: 'Windows 10', os.arch: 'amd64', os.version: '10.0', java.version: '15.0.2'\nDriver info: org.openqa.selenium.chrome.ChromeDriver\nCommand: [5849c696bef46a56cc720ca4f9a76862, findElement {using=xpath, value=//a[@title='Women']}]\nCapabilities {acceptInsecureCerts: false, browserName: chrome, browserVersion: 106.0.5249.119, chrome: {chromedriverVersion: 106.0.5249.61 (511755355844..., userDataDir: C:\\Users\\dell\\AppData\\Local...}, goog:chromeOptions: {debuggerAddress: localhost:62734}, javascriptEnabled: true, networkConnectionEnabled: false, pageLoadStrategy: normal, platform: WINDOWS, platformName: WINDOWS, proxy: Proxy(), se:cdp: ws://localhost:62734/devtoo..., se:cdpVersion: 106.0.5249.119, setWindowRect: true, strictFileInteractability: false, timeouts: {implicit: 0, pageLoad: 300000, script: 30000}, unhandledPromptBehavior: dismiss and notify, webauthn:extension:credBlob: true, webauthn:extension:largeBlob: true, webauthn:virtualAuthenticators: true}\nSession ID: 5849c696bef46a56cc720ca4f9a76862\r\n\tat java.base/jdk.internal.reflect.NativeConstructorAccessorImpl.newInstance0(Native Method)\r\n\tat java.base/jdk.internal.reflect.NativeConstructorAccessorImpl.newInstance(NativeConstructorAccessorImpl.java:64)\r\n\tat java.base/jdk.internal.reflect.DelegatingConstructorAccessorImpl.newInstance(DelegatingConstructorAccessorImpl.java:45)\r\n\tat java.base/java.lang.reflect.Constructor.newInstanceWithCaller(Constructor.java:500)\r\n\tat java.base/java.lang.reflect.Constructor.newInstance(Constructor.java:481)\r\n\tat org.openqa.selenium.remote.codec.w3c.W3CHttpResponseCodec.createException(W3CHttpResponseCodec.java:200)\r\n\tat org.openqa.selenium.remote.codec.w3c.W3CHttpResponseCodec.decode(W3CHttpResponseCodec.java:133)\r\n\tat org.openqa.selenium.remote.codec.w3c.W3CHttpResponseCodec.decode(W3CHttpResponseCodec.java:53)\r\n\tat org.openqa.selenium.remote.HttpCommandExecutor.execute(HttpCommandExecutor.java:184)\r\n\tat org.openqa.selenium.remote.service.DriverCommandExecutor.invokeExecute(DriverCommandExecutor.java:167)\r\n\tat org.openqa.selenium.remote.service.DriverCommandExecutor.execute(DriverCommandExecutor.java:142)\r\n\tat org.openqa.selenium.remote.RemoteWebDriver.execute(RemoteWebDriver.java:543)\r\n\tat org.openqa.selenium.remote.ElementLocation$ElementFinder$2.findElement(ElementLocation.java:162)\r\n\tat org.openqa.selenium.remote.ElementLocation.findElement(ElementLocation.java:60)\r\n\tat org.openqa.selenium.remote.RemoteWebDriver.findElement(RemoteWebDriver.java:367)\r\n\tat org.openqa.selenium.remote.RemoteWebDriver.findElement(RemoteWebDriver.java:359)\r\n\tat org.openqa.selenium.support.pagefactory.DefaultElementLocator.findElement(DefaultElementLocator.java:70)\r\n\tat org.openqa.selenium.support.pagefactory.AjaxElementLocator.access$001(AjaxElementLocator.java:39)\r\n\tat org.openqa.selenium.support.pagefactory.AjaxElementLocator$SlowLoadingElement.isLoaded(AjaxElementLocator.java:165)\r\n\tat org.openqa.selenium.support.ui.SlowLoadableComponent.get(SlowLoadableComponent.java:61)\r\n\tat org.openqa.selenium.support.pagefactory.AjaxElementLocator.findElement(AjaxElementLocator.java:95)\r\n\tat org.openqa.selenium.support.pagefactory.internal.LocatingElementHandler.invoke(LocatingElementHandler.java:39)\r\n\tat com.sun.proxy.$Proxy23.click(Unknown Source)\r\n\tat pagestructure.dashboardPage.clickwomen(dashboardPage.java:91)\r\n\tat teststepsdefinition.steps.user_click_on_women_category(steps.java:48)\r\n\tat ✽.user click on Women category(file:///C:/Users/dell/Downloads/test/test/src/test/resources/testscenarios/test.feature:13)\r\n","duration":4343618200,"status":"failed"},"line":13,"name":"user click on Women category","match":{"location":"teststepsdefinition.steps.user_click_on_women_category()"},"keyword":"And "},{"result":{"status":"skipped"},"line":14,"name":"user select any value from the Color and Category filter item","match":{"location":"teststepsdefinition.steps.user_select_any_value_from_the_color_and_category_filter_item()"},"keyword":"When "},{"result":{"status":"skipped"},"line":15,"name":"the results returned matches the filter criteria","match":{"location":"teststepsdefinition.steps.the_results_returned_matches_the_filter_criteria()"},"keyword":"Then "}],"tags":[{"name":"@ts2"}]},{"start_timestamp":"2022-10-13T16:11:45.080Z","before":[{"result":{"duration":3560430300,"status":"passed"},"match":{"location":"teststepsdefinition.driverUtilities.browserSetup()"}}],"line":18,"name":"Users are able to view the details of any clothing item from the POPULAR section and add them to the cart","description":"","id":"website-search--filter-and-cart-functionality;users-are-able-to-view-the-details-of-any-clothing-item-from-the-popular-section-and-add-them-to-the-cart","after":[{"result":{"error_message":"org.openqa.selenium.NoSuchWindowException: no such window: target window already closed\nfrom unknown error: web view not found\n  (Session info: chrome=106.0.5249.119)\nBuild info: version: '4.1.1', revision: 'e8fcc2cecf'\nSystem info: host: 'DESKTOP-KARFDCI', ip: '192.168.125.98', os.name: 'Windows 10', os.arch: 'amd64', os.version: '10.0', java.version: '15.0.2'\nDriver info: org.openqa.selenium.chrome.ChromeDriver\nCommand: [ee4c24c5ea10f5ae43e5af81c9314650, close {}]\nCapabilities {acceptInsecureCerts: false, browserName: chrome, browserVersion: 106.0.5249.119, chrome: {chromedriverVersion: 106.0.5249.61 (511755355844..., userDataDir: C:\\Users\\dell\\AppData\\Local...}, goog:chromeOptions: {debuggerAddress: localhost:62767}, javascriptEnabled: true, networkConnectionEnabled: false, pageLoadStrategy: normal, platform: WINDOWS, platformName: WINDOWS, proxy: Proxy(), se:cdp: ws://localhost:62767/devtoo..., se:cdpVersion: 106.0.5249.119, setWindowRect: true, strictFileInteractability: false, timeouts: {implicit: 0, pageLoad: 300000, script: 30000}, unhandledPromptBehavior: dismiss and notify, webauthn:extension:credBlob: true, webauthn:extension:largeBlob: true, webauthn:virtualAuthenticators: true}\nSession ID: ee4c24c5ea10f5ae43e5af81c9314650\r\n\tat java.base/jdk.internal.reflect.NativeConstructorAccessorImpl.newInstance0(Native Method)\r\n\tat java.base/jdk.internal.reflect.NativeConstructorAccessorImpl.newInstance(NativeConstructorAccessorImpl.java:64)\r\n\tat java.base/jdk.internal.reflect.DelegatingConstructorAccessorImpl.newInstance(DelegatingConstructorAccessorImpl.java:45)\r\n\tat java.base/java.lang.reflect.Constructor.newInstanceWithCaller(Constructor.java:500)\r\n\tat java.base/java.lang.reflect.Constructor.newInstance(Constructor.java:481)\r\n\tat org.openqa.selenium.remote.codec.w3c.W3CHttpResponseCodec.createException(W3CHttpResponseCodec.java:200)\r\n\tat org.openqa.selenium.remote.codec.w3c.W3CHttpResponseCodec.decode(W3CHttpResponseCodec.java:133)\r\n\tat org.openqa.selenium.remote.codec.w3c.W3CHttpResponseCodec.decode(W3CHttpResponseCodec.java:53)\r\n\tat org.openqa.selenium.remote.HttpCommandExecutor.execute(HttpCommandExecutor.java:184)\r\n\tat org.openqa.selenium.remote.service.DriverCommandExecutor.invokeExecute(DriverCommandExecutor.java:167)\r\n\tat org.openqa.selenium.remote.service.DriverCommandExecutor.execute(DriverCommandExecutor.java:142)\r\n\tat org.openqa.selenium.remote.RemoteWebDriver.execute(RemoteWebDriver.java:543)\r\n\tat org.openqa.selenium.remote.RemoteWebDriver.execute(RemoteWebDriver.java:598)\r\n\tat org.openqa.selenium.remote.RemoteWebDriver.execute(RemoteWebDriver.java:602)\r\n\tat org.openqa.selenium.remote.RemoteWebDriver.close(RemoteWebDriver.java:428)\r\n\tat teststepsdefinition.driverUtilities.teardown(driverUtilities.java:30)\r\n","duration":8029400,"status":"failed"},"match":{"location":"teststepsdefinition.driverUtilities.teardown()"}}],"type":"scenario","keyword":"Scenario","steps":[{"result":{"error_message":"org.openqa.selenium.NoSuchWindowException: no such window: target window already closed\nfrom unknown error: web view not found\n  (Session info: chrome=106.0.5249.119)\nBuild info: version: '4.1.1', revision: 'e8fcc2cecf'\nSystem info: host: 'DESKTOP-KARFDCI', ip: '192.168.125.98', os.name: 'Windows 10', os.arch: 'amd64', os.version: '10.0', java.version: '15.0.2'\nDriver info: org.openqa.selenium.chrome.ChromeDriver\nCommand: [ee4c24c5ea10f5ae43e5af81c9314650, getCurrentUrl {}]\nCapabilities {acceptInsecureCerts: false, browserName: chrome, browserVersion: 106.0.5249.119, chrome: {chromedriverVersion: 106.0.5249.61 (511755355844..., userDataDir: C:\\Users\\dell\\AppData\\Local...}, goog:chromeOptions: {debuggerAddress: localhost:62767}, javascriptEnabled: true, networkConnectionEnabled: false, pageLoadStrategy: normal, platform: WINDOWS, platformName: WINDOWS, proxy: Proxy(), se:cdp: ws://localhost:62767/devtoo..., se:cdpVersion: 106.0.5249.119, setWindowRect: true, strictFileInteractability: false, timeouts: {implicit: 0, pageLoad: 300000, script: 30000}, unhandledPromptBehavior: dismiss and notify, webauthn:extension:credBlob: true, webauthn:extension:largeBlob: true, webauthn:virtualAuthenticators: true}\nSession ID: ee4c24c5ea10f5ae43e5af81c9314650\r\n\tat java.base/jdk.internal.reflect.NativeConstructorAccessorImpl.newInstance0(Native Method)\r\n\tat java.base/jdk.internal.reflect.NativeConstructorAccessorImpl.newInstance(NativeConstructorAccessorImpl.java:64)\r\n\tat java.base/jdk.internal.reflect.DelegatingConstructorAccessorImpl.newInstance(DelegatingConstructorAccessorImpl.java:45)\r\n\tat java.base/java.lang.reflect.Constructor.newInstanceWithCaller(Constructor.java:500)\r\n\tat java.base/java.lang.reflect.Constructor.newInstance(Constructor.java:481)\r\n\tat org.openqa.selenium.remote.codec.w3c.W3CHttpResponseCodec.createException(W3CHttpResponseCodec.java:200)\r\n\tat org.openqa.selenium.remote.codec.w3c.W3CHttpResponseCodec.decode(W3CHttpResponseCodec.java:133)\r\n\tat org.openqa.selenium.remote.codec.w3c.W3CHttpResponseCodec.decode(W3CHttpResponseCodec.java:53)\r\n\tat org.openqa.selenium.remote.HttpCommandExecutor.execute(HttpCommandExecutor.java:184)\r\n\tat org.openqa.selenium.remote.service.DriverCommandExecutor.invokeExecute(DriverCommandExecutor.java:167)\r\n\tat org.openqa.selenium.remote.service.DriverCommandExecutor.execute(DriverCommandExecutor.java:142)\r\n\tat org.openqa.selenium.remote.RemoteWebDriver.execute(RemoteWebDriver.java:543)\r\n\tat org.openqa.selenium.remote.RemoteWebDriver.execute(RemoteWebDriver.java:598)\r\n\tat org.openqa.selenium.remote.RemoteWebDriver.execute(RemoteWebDriver.java:602)\r\n\tat org.openqa.selenium.remote.RemoteWebDriver.getCurrentUrl(RemoteWebDriver.java:324)\r\n\tat pagestructure.dashboardPage.verify_dashboard_URL(dashboardPage.java:73)\r\n\tat teststepsdefinition.steps.user_is_on_homepage(steps.java:25)\r\n\tat ✽.user is on homepage(file:///C:/Users/dell/Downloads/test/test/src/test/resources/testscenarios/test.feature:19)\r\n","duration":9624700,"status":"failed"},"line":19,"name":"user is on homepage","match":{"location":"teststepsdefinition.steps.user_is_on_homepage()"},"keyword":"Given "},{"result":{"status":"skipped"},"line":20,"name":"user select \"Faded Short Sleeve T-shirts\" from the POPULAR section and add them to the cart","match":{"arguments":[{"val":"\"Faded Short Sleeve T-shirts\"","offset":12}],"location":"teststepsdefinition.steps.user_select_any_item_from_the_popular_section_and_add_them_to_the_cart(java.lang.String)"},"keyword":"When "},{"result":{"status":"skipped"},"line":21,"name":"Validate that \"Faded Short Sleeve T-shirts\" has successfully been added to the cart","match":{"arguments":[{"val":"\"Faded Short Sleeve T-shirts\"","offset":14}],"location":"teststepsdefinition.steps.validate_that_the_item_has_successfully_been_added_to_the_cart(java.lang.String)"},"keyword":"Then "}],"tags":[{"name":"@ts3"}]}],"name":"Website search, filter and cart functionality","description":"","id":"website-search--filter-and-cart-functionality","keyword":"Feature","uri":"file:src/test/resources/testscenarios/test.feature","tags":[]}]